---
reShut v.11.2.0
---
HWID: Disabled
Awaiting user input...
Got input: 0
Exitting...
---
reShut v.11.2.0
---
HWID: Disabled
Awaiting user input...
---
reShut v.11.2.0
---
HWID: Disabled
Awaiting user input...
---
reShut v.11.2.0
---
HWID: Disabled
Awaiting user input...
---
reShut v.11.2.0
---
HWID: Disabled
Awaiting user input...
---
reShut v.11.2.0
---
HWID: Disabled
Awaiting user input...
---
reShut v.11.2.0
---
HWID: Disabled
Awaiting user input...
---
reShut v.11.2.0
---
HWID: Disabled
Awaiting user input...
Got input: 9
Opening settings menu...
Awaiting user input...
Returning to main menu...
Awaiting user input...
---
reShut v.11.2.0
---
HWID: Disabled
Awaiting user input...
